host/build/outputs/logs/manifest-merger-debug-report.txt
-- Merging decision tree log ---
manifest
ADDED from Camera2/host/AndroidManifest.xml:2:1-135:12
INJECTED from Camera2/host/AndroidManifest.xml:2:1-135:12
INJECTED from Camera2/host/AndroidManifest.xml:2:1-135:12
INJECTED from Camera2/host/AndroidManifest.xml:2:1-135:12
MERGED from [:common] AndroidManifest.xml:2:1-13:12
MERGED from [com.android.support:recyclerview-v7:24.2.1] AndroidManifest.xml:17:1-22:12
MERGED from [com.android.support:appcompat-v7:24.2.1] AndroidManifest.xml:17:1-27:12
MERGED from [com.android.support:support-v4:24.2.1] AndroidManifest.xml:17:1-27:12
MERGED from [com.android.support:support-fragment:24.2.1] AndroidManifest.xml:17:1-27:12
MERGED from [com.android.support:support-core-ui:24.2.1] AndroidManifest.xml:17:1-27:12
MERGED from [com.android.support:animated-vector-drawable:24.2.1] AndroidManifest.xml:17:1-24:12
MERGED from [com.android.support:support-vector-drawable:24.2.1] AndroidManifest.xml:17:1-25:12
MERGED from [com.android.support:support-media-compat:24.2.1] AndroidManifest.xml:17:1-27:12
MERGED from [com.android.support:support-core-utils:24.2.1] AndroidManifest.xml:17:1-27:12
MERGED from [com.android.support:support-compat:24.2.1] AndroidManifest.xml:17:1-27:12
INJECTED from Camera2/host/AndroidManifest.xml:2:1-135:12
INJECTED from Camera2/host/AndroidManifest.xml:2:1-135:12
INJECTED from Camera2/host/AndroidManifest.xml:2:1-135:12
	package
		ADDED from Camera2/host/AndroidManifest.xml:3:5-32
		INJECTED from Camera2/host/AndroidManifest.xml
		INJECTED from Camera2/host/AndroidManifest.xml
	android:versionName
		ADDED from Camera2/host/AndroidManifest.xml:5:5-36
		INJECTED from Camera2/host/AndroidManifest.xml
		INJECTED from Camera2/host/AndroidManifest.xml
	xmlns:android
		ADDED from Camera2/host/AndroidManifest.xml:2:11-69
	android:versionCode
		ADDED from Camera2/host/AndroidManifest.xml:4:5-32
		INJECTED from Camera2/host/AndroidManifest.xml
		INJECTED from Camera2/host/AndroidManifest.xml
uses-sdk
ADDED from Camera2/host/AndroidManifest.xml:7:5-9:41
INJECTED from Camera2/host/AndroidManifest.xml:7:5-9:41
INJECTED from Camera2/host/AndroidManifest.xml:7:5-9:41
MERGED from [:common] AndroidManifest.xml:7:5-9:41
MERGED from [:common] AndroidManifest.xml:7:5-9:41
MERGED from [com.android.support:recyclerview-v7:24.2.1] AndroidManifest.xml:20:5-43
MERGED from [com.android.support:recyclerview-v7:24.2.1] AndroidManifest.xml:20:5-43
MERGED from [com.android.support:appcompat-v7:24.2.1] AndroidManifest.xml:21:5-23:78
MERGED from [com.android.support:appcompat-v7:24.2.1] AndroidManifest.xml:21:5-23:78
MERGED from [com.android.support:support-v4:24.2.1] AndroidManifest.xml:21:5-23:54
MERGED from [com.android.support:support-v4:24.2.1] AndroidManifest.xml:21:5-23:54
MERGED from [com.android.support:support-fragment:24.2.1] AndroidManifest.xml:21:5-23:60
MERGED from [com.android.support:support-fragment:24.2.1] AndroidManifest.xml:21:5-23:60
MERGED from [com.android.support:support-core-ui:24.2.1] AndroidManifest.xml:21:5-23:58
MERGED from [com.android.support:support-core-ui:24.2.1] AndroidManifest.xml:21:5-23:58
MERGED from [com.android.support:animated-vector-drawable:24.2.1] AndroidManifest.xml:20:5-44
MERGED from [com.android.support:animated-vector-drawable:24.2.1] AndroidManifest.xml:20:5-44
MERGED from [com.android.support:support-vector-drawable:24.2.1] AndroidManifest.xml:21:5-43
MERGED from [com.android.support:support-vector-drawable:24.2.1] AndroidManifest.xml:21:5-43
MERGED from [com.android.support:support-media-compat:24.2.1] AndroidManifest.xml:21:5-23:63
MERGED from [com.android.support:support-media-compat:24.2.1] AndroidManifest.xml:21:5-23:63
MERGED from [com.android.support:support-core-utils:24.2.1] AndroidManifest.xml:21:5-23:61
MERGED from [com.android.support:support-core-utils:24.2.1] AndroidManifest.xml:21:5-23:61
MERGED from [com.android.support:support-compat:24.2.1] AndroidManifest.xml:21:5-23:58
MERGED from [com.android.support:support-compat:24.2.1] AndroidManifest.xml:21:5-23:58
INJECTED from Camera2/host/AndroidManifest.xml:7:5-9:41
INJECTED from Camera2/host/AndroidManifest.xml:7:5-9:41
	tools:overrideLibrary
		ADDED from [com.android.support:appcompat-v7:24.2.1] AndroidManifest.xml:23:9-75
	android:targetSdkVersion
		ADDED from Camera2/host/AndroidManifest.xml:9:9-38
		INJECTED from Camera2/host/AndroidManifest.xml
		INJECTED from Camera2/host/AndroidManifest.xml
	android:minSdkVersion
		ADDED from Camera2/host/AndroidManifest.xml:8:9-35
		INJECTED from Camera2/host/AndroidManifest.xml
		INJECTED from Camera2/host/AndroidManifest.xml
uses-permission#android.permission.CAMERA
ADDED from Camera2/host/AndroidManifest.xml:11:5-64
	android:name
		ADDED from Camera2/host/AndroidManifest.xml:11:22-62
uses-permission#android.permission.RECORD_AUDIO
ADDED from Camera2/host/AndroidManifest.xml:12:5-71
	android:name
		ADDED from Camera2/host/AndroidManifest.xml:12:22-68
uses-permission#android.permission.RECEIVE_BOOT_COMPLETED
ADDED from Camera2/host/AndroidManifest.xml:13:5-81
	android:name
		ADDED from Camera2/host/AndroidManifest.xml:13:22-78
uses-permission#android.permission.WRITE_EXTERNAL_STORAGE
ADDED from Camera2/host/AndroidManifest.xml:14:5-81
	android:name
		ADDED from Camera2/host/AndroidManifest.xml:14:22-78
uses-permission#android.permission.READ_EXTERNAL_STORAGE
ADDED from Camera2/host/AndroidManifest.xml:15:5-79
	android:name
		ADDED from Camera2/host/AndroidManifest.xml:15:22-77
uses-permission#android.permission.ACCESS_COARSE_LOCATION
ADDED from Camera2/host/AndroidManifest.xml:16:5-81
	android:name
		ADDED from Camera2/host/AndroidManifest.xml:16:22-78
uses-permission#android.permission.ACCESS_FINE_LOCATION
ADDED from Camera2/host/AndroidManifest.xml:17:5-79
	android:name
		ADDED from Camera2/host/AndroidManifest.xml:17:22-76
uses-permission#android.permission.ACCESS_MTK_MMHW
ADDED from Camera2/host/AndroidManifest.xml:18:5-73
	android:name
		ADDED from Camera2/host/AndroidManifest.xml:18:22-71
uses-permission#mediatek.permission.ACCESS_MTK_MMHW
ADDED from Camera2/host/AndroidManifest.xml:19:5-74
	android:name
		ADDED from Camera2/host/AndroidManifest.xml:19:22-72
uses-permission#android.permission.VIBRATE
ADDED from Camera2/host/AndroidManifest.xml:20:5-66
	android:name
		ADDED from Camera2/host/AndroidManifest.xml:20:22-63
uses-permission#android.permission.WRITE_MEDIA_STORAGE
ADDED from Camera2/host/AndroidManifest.xml:21:5-77
	android:name
		ADDED from Camera2/host/AndroidManifest.xml:21:22-75
uses-permission#android.permission.ACCESS_NETWORK_STATE
ADDED from Camera2/host/AndroidManifest.xml:22:5-79
	android:name
		ADDED from Camera2/host/AndroidManifest.xml:22:22-76
uses-permission#android.permission.ACCESS_WIFI_STATE
ADDED from Camera2/host/AndroidManifest.xml:23:5-76
	android:name
		ADDED from Camera2/host/AndroidManifest.xml:23:22-73
uses-permission#android.permission.CHANGE_WIFI_STATE
ADDED from Camera2/host/AndroidManifest.xml:24:5-76
	android:name
		ADDED from Camera2/host/AndroidManifest.xml:24:22-73
uses-permission#android.permission.INTERNET
ADDED from Camera2/host/AndroidManifest.xml:25:5-67
	android:name
		ADDED from Camera2/host/AndroidManifest.xml:25:22-64
supports-screens
ADDED from Camera2/host/AndroidManifest.xml:27:5-31:40
	android:largeScreens
		ADDED from Camera2/host/AndroidManifest.xml:29:9-36
	android:smallScreens
		ADDED from Camera2/host/AndroidManifest.xml:31:9-37
	android:normalScreens
		ADDED from Camera2/host/AndroidManifest.xml:30:9-37
	android:anyDensity
		ADDED from Camera2/host/AndroidManifest.xml:28:9-34
application
ADDED from Camera2/host/AndroidManifest.xml:33:5-134:19
MERGED from [:common] AndroidManifest.xml:11:5-20
MERGED from [:common] AndroidManifest.xml:11:5-20
MERGED from [com.android.support:appcompat-v7:24.2.1] AndroidManifest.xml:25:5-20
MERGED from [com.android.support:appcompat-v7:24.2.1] AndroidManifest.xml:25:5-20
MERGED from [com.android.support:support-v4:24.2.1] AndroidManifest.xml:25:5-20
MERGED from [com.android.support:support-v4:24.2.1] AndroidManifest.xml:25:5-20
MERGED from [com.android.support:support-fragment:24.2.1] AndroidManifest.xml:25:5-20
MERGED from [com.android.support:support-fragment:24.2.1] AndroidManifest.xml:25:5-20
MERGED from [com.android.support:support-core-ui:24.2.1] AndroidManifest.xml:25:5-20
MERGED from [com.android.support:support-core-ui:24.2.1] AndroidManifest.xml:25:5-20
MERGED from [com.android.support:animated-vector-drawable:24.2.1] AndroidManifest.xml:22:5-20
MERGED from [com.android.support:animated-vector-drawable:24.2.1] AndroidManifest.xml:22:5-20
MERGED from [com.android.support:support-vector-drawable:24.2.1] AndroidManifest.xml:23:5-20
MERGED from [com.android.support:support-vector-drawable:24.2.1] AndroidManifest.xml:23:5-20
MERGED from [com.android.support:support-media-compat:24.2.1] AndroidManifest.xml:25:5-20
MERGED from [com.android.support:support-media-compat:24.2.1] AndroidManifest.xml:25:5-20
MERGED from [com.android.support:support-core-utils:24.2.1] AndroidManifest.xml:25:5-20
MERGED from [com.android.support:support-core-utils:24.2.1] AndroidManifest.xml:25:5-20
MERGED from [com.android.support:support-compat:24.2.1] AndroidManifest.xml:25:5-20
MERGED from [com.android.support:support-compat:24.2.1] AndroidManifest.xml:25:5-20
	android:supportsRtl
		ADDED from Camera2/host/AndroidManifest.xml:39:9-35
	android:label
		ADDED from Camera2/host/AndroidManifest.xml:36:9-45
	android:hardwareAccelerated
		ADDED from Camera2/host/AndroidManifest.xml:34:9-43
	android:resizeableActivity
		ADDED from Camera2/host/AndroidManifest.xml:42:9-43
	android:restoreAnyVersion
		ADDED from Camera2/host/AndroidManifest.xml:38:9-41
	android:largeHeap
		ADDED from Camera2/host/AndroidManifest.xml:37:9-33
	android:icon
		ADDED from Camera2/host/AndroidManifest.xml:35:9-50
	android:theme
		ADDED from Camera2/host/AndroidManifest.xml:40:9-43
	android:directBootAware
		ADDED from Camera2/host/AndroidManifest.xml:41:9-39
meta-data#android.max_aspect
ADDED from Camera2/host/AndroidManifest.xml:44:9-75
	android:value
		ADDED from Camera2/host/AndroidManifest.xml:44:54-73
	android:name
		ADDED from Camera2/host/AndroidManifest.xml:44:20-53
activity#com.freeme.camera.CameraActivity
ADDED from Camera2/host/AndroidManifest.xml:46:9-66:20
	android:screenOrientation
		ADDED from Camera2/host/AndroidManifest.xml:49:13-49
	android:clearTaskOnLaunch
		ADDED from Camera2/host/AndroidManifest.xml:48:13-45
	android:label
		ADDED from Camera2/host/AndroidManifest.xml:51:13-49
	android:launchMode
		ADDED from Camera2/host/AndroidManifest.xml:52:13-44
	android:windowSoftInputMode
		ADDED from Camera2/host/AndroidManifest.xml:54:13-70
	android:configChanges
		ADDED from Camera2/host/AndroidManifest.xml:50:13-153
	android:taskAffinity
		ADDED from Camera2/host/AndroidManifest.xml:53:13-68
	android:name
		ADDED from Camera2/host/AndroidManifest.xml:47:13-60
intent-filter#action:name:android.media.action.STILL_IMAGE_CAMERA+category:name:android.intent.category.DEFAULT
ADDED from Camera2/host/AndroidManifest.xml:55:13-58:29
action#android.media.action.STILL_IMAGE_CAMERA
ADDED from Camera2/host/AndroidManifest.xml:56:17-82
	android:name
		ADDED from Camera2/host/AndroidManifest.xml:56:25-79
category#android.intent.category.DEFAULT
ADDED from Camera2/host/AndroidManifest.xml:57:17-76
	android:name
		ADDED from Camera2/host/AndroidManifest.xml:57:27-73
intent-filter#action:name:android.intent.action.MAIN+category:name:android.intent.category.DEFAULT
ADDED from Camera2/host/AndroidManifest.xml:59:13-62:29
action#android.intent.action.MAIN
ADDED from Camera2/host/AndroidManifest.xml:60:17-68
	android:name
		ADDED from Camera2/host/AndroidManifest.xml:60:25-66
meta-data#com.android.keyguard.layout
ADDED from Camera2/host/AndroidManifest.xml:63:13-65:62
	android:resource
		ADDED from Camera2/host/AndroidManifest.xml:65:17-59
	android:name
		ADDED from Camera2/host/AndroidManifest.xml:64:17-59
activity-alias#com.freeme.camera.CameraLauncher
ADDED from Camera2/host/AndroidManifest.xml:67:9-77:26
	android:label
		ADDED from Camera2/host/AndroidManifest.xml:69:13-49
	android:targetActivity
		ADDED from Camera2/host/AndroidManifest.xml:71:13-70
	android:icon
		ADDED from Camera2/host/AndroidManifest.xml:68:13-54
	android:name
		ADDED from Camera2/host/AndroidManifest.xml:70:13-60
intent-filter#action:name:android.intent.action.MAIN+category:name:android.intent.category.DEFAULT+category:name:android.intent.category.LAUNCHER
ADDED from Camera2/host/AndroidManifest.xml:72:13-76:29
category#android.intent.category.LAUNCHER
ADDED from Camera2/host/AndroidManifest.xml:75:17-77
	android:name
		ADDED from Camera2/host/AndroidManifest.xml:75:27-74
activity#com.freeme.camera.SecureCameraActivity
ADDED from Camera2/host/AndroidManifest.xml:78:9-99:20
	android:screenOrientation
		ADDED from Camera2/host/AndroidManifest.xml:81:13-49
	android:clearTaskOnLaunch
		ADDED from Camera2/host/AndroidManifest.xml:80:13-45
	android:label
		ADDED from Camera2/host/AndroidManifest.xml:85:13-49
	android:excludeFromRecents
		ADDED from Camera2/host/AndroidManifest.xml:83:13-46
	android:windowSoftInputMode
		ADDED from Camera2/host/AndroidManifest.xml:87:13-70
	android:configChanges
		ADDED from Camera2/host/AndroidManifest.xml:82:13-74
	android:icon
		ADDED from Camera2/host/AndroidManifest.xml:84:13-54
	android:taskAffinity
		ADDED from Camera2/host/AndroidManifest.xml:86:13-74
	android:name
		ADDED from Camera2/host/AndroidManifest.xml:79:13-66
intent-filter#action:name:android.media.action.STILL_IMAGE_CAMERA_SECURE+category:name:android.intent.category.DEFAULT
ADDED from Camera2/host/AndroidManifest.xml:88:13-91:29
action#android.media.action.STILL_IMAGE_CAMERA_SECURE
ADDED from Camera2/host/AndroidManifest.xml:89:17-89
	android:name
		ADDED from Camera2/host/AndroidManifest.xml:89:25-86
intent-filter#action:name:android.media.action.IMAGE_CAPTURE_SECURE+category:name:android.intent.category.DEFAULT
ADDED from Camera2/host/AndroidManifest.xml:92:13-95:29
action#android.media.action.IMAGE_CAPTURE_SECURE
ADDED from Camera2/host/AndroidManifest.xml:93:17-84
	android:name
		ADDED from Camera2/host/AndroidManifest.xml:93:25-81
activity#com.freeme.camera.CaptureActivity
ADDED from Camera2/host/AndroidManifest.xml:100:9-111:20
	android:screenOrientation
		ADDED from Camera2/host/AndroidManifest.xml:102:13-49
	android:label
		ADDED from Camera2/host/AndroidManifest.xml:104:13-49
	android:windowSoftInputMode
		ADDED from Camera2/host/AndroidManifest.xml:105:13-70
	android:configChanges
		ADDED from Camera2/host/AndroidManifest.xml:103:13-153
	android:name
		ADDED from Camera2/host/AndroidManifest.xml:101:13-61
intent-filter#action:name:android.media.action.IMAGE_CAPTURE+category:name:android.intent.category.DEFAULT
ADDED from Camera2/host/AndroidManifest.xml:107:13-110:29
action#android.media.action.IMAGE_CAPTURE
ADDED from Camera2/host/AndroidManifest.xml:108:17-77
	android:name
		ADDED from Camera2/host/AndroidManifest.xml:108:25-74
activity-alias#com.freeme.camera.VideoCamera
ADDED from Camera2/host/AndroidManifest.xml:113:9-127:26
	android:screenOrientation
		ADDED from Camera2/host/AndroidManifest.xml:116:13-49
	android:label
		ADDED from Camera2/host/AndroidManifest.xml:115:13-55
	android:targetActivity
		ADDED from Camera2/host/AndroidManifest.xml:117:13-71
	android:name
		ADDED from Camera2/host/AndroidManifest.xml:114:13-57
intent-filter#action:name:android.media.action.VIDEO_CAMERA+category:name:android.intent.category.DEFAULT
ADDED from Camera2/host/AndroidManifest.xml:119:13-122:29
action#android.media.action.VIDEO_CAMERA
ADDED from Camera2/host/AndroidManifest.xml:120:17-76
	android:name
		ADDED from Camera2/host/AndroidManifest.xml:120:25-73
intent-filter#action:name:android.media.action.VIDEO_CAPTURE+category:name:android.intent.category.DEFAULT
ADDED from Camera2/host/AndroidManifest.xml:123:13-126:29
action#android.media.action.VIDEO_CAPTURE
ADDED from Camera2/host/AndroidManifest.xml:124:17-77
	android:name
		ADDED from Camera2/host/AndroidManifest.xml:124:25-74
receiver#com.freeme.camera.DisableCameraReceiver
ADDED from Camera2/host/AndroidManifest.xml:128:9-132:20
	android:name
		ADDED from Camera2/host/AndroidManifest.xml:128:19-73
intent-filter#action:name:android.intent.action.BOOT_COMPLETED
ADDED from Camera2/host/AndroidManifest.xml:129:13-131:29
action#android.intent.action.BOOT_COMPLETED
ADDED from Camera2/host/AndroidManifest.xml:130:17-79
	android:name
		ADDED from Camera2/host/AndroidManifest.xml:130:25-76
service#com.freeme.camera.CameraAppService
ADDED from Camera2/host/AndroidManifest.xml:133:9-70
	android:name
		ADDED from Camera2/host/AndroidManifest.xml:133:18-67